New log file opened at Mon Aug 08 15:30:54 IST 2016 by 9208@TSLC0874
Taking next connection to: 61179
New client attempting to connect on port: 61180-61179
  Address = /192.168.160.7:61179
This client on port 61180 has uuid 73fb7d94-0ff8-4792-8ac5-4686374f72d3 configName activator humanReadableName Activator protocolVersion 3 featureTags Vector()
Connected Clients: activator-73fb7d94-0ff8-4792-8ac5-4686374f72d3
Taking next connection to: 61179
New client attempting to connect on port: 61181-61179
  Address = /192.168.160.7:61179
Handshake exception on socket: 61181
sbt.impl.ipc.HandshakeException: Unable to perform handshake
	at sbt.impl.ipc.Peer.handshake(IPC.scala:46)
	at sbt.impl.ipc.MultiClientServer.<init>(IPC.scala:150)
	at sbt.server.SbtServerSocketHandler$$anon$1.run(SbtServerSocketHandler.scala:43)
Caused by: java.net.SocketException: Software caused connection abort: recv failed
	at java.net.SocketInputStream.socketRead0(Native Method)
	at java.net.SocketInputStream.socketRead(SocketInputStream.java:116)
	at java.net.SocketInputStream.read(SocketInputStream.java:170)
	at java.net.SocketInputStream.read(SocketInputStream.java:141)
	at java.io.BufferedInputStream.fill(BufferedInputStream.java:246)
	at java.io.BufferedInputStream.read(BufferedInputStream.java:265)
	at java.io.DataInputStream.readInt(DataInputStream.java:387)
	at sbt.impl.ipc.Peer.receive(IPC.scala:95)
	at sbt.impl.ipc.Peer.handshake(IPC.scala:49)
	... 2 more
Taking next connection to: 61179
New client attempting to connect on port: 61182-61179
  Address = /192.168.160.7:61179
This client on port 61182 has uuid fc0ad403-6f5c-4fc7-aa73-8da0fdbd8719 configName activator humanReadableName Activator protocolVersion 3 featureTags Vector()
Connected Clients: activator-73fb7d94-0ff8-4792-8ac5-4686374f72d3, activator-fc0ad403-6f5c-4fc7-aa73-8da0fdbd8719
Taking next connection to: 61179
Checking to see if clients are empty...
We have 1 non-daemon clients, continuing serving connections.
Taking next connection to: 61179
Checking to see if clients are empty...
We have 1 non-daemon clients, continuing serving connections.
Taking next connection to: 61179
Checking to see if clients are empty...
We have 1 non-daemon clients, continuing serving connections.
Taking next connection to: 61179
Checking to see if clients are empty...
We have 1 non-daemon clients, continuing serving connections.
Taking next connection to: 61179
Checking to see if clients are empty...
We have 1 non-daemon clients, continuing serving connections.
Taking next connection to: 61179
Checking to see if clients are empty...
We have 1 non-daemon clients, continuing serving connections.
Taking next connection to: 61179
Checking to see if clients are empty...
We have 1 non-daemon clients, continuing serving connections.
Taking next connection to: 61179
Checking to see if clients are empty...
We have 1 non-daemon clients, continuing serving connections.
Taking next connection to: 61179
Checking to see if clients are empty...
We have 1 non-daemon clients, continuing serving connections.
Taking next connection to: 61179
Checking to see if clients are empty...
We have 1 non-daemon clients, continuing serving connections.
Taking next connection to: 61179
Checking to see if clients are empty...
We have 1 non-daemon clients, continuing serving connections.
Taking next connection to: 61179
Checking to see if clients are empty...
We have 1 non-daemon clients, continuing serving connections.
Taking next connection to: 61179
Checking to see if clients are empty...
We have 1 non-daemon clients, continuing serving connections.
Taking next connection to: 61179
Checking to see if clients are empty...
We have 1 non-daemon clients, continuing serving connections.
Taking next connection to: 61179
Checking to see if clients are empty...
No non-daemon clients connected after 3 min. Shutting down.
Server socket thread exiting.
0 clients open, will close them...
All client sockets have been closed.
Closing the 9208@TSLC0874 logs at Mon Aug 08 16:15:55 IST 2016, goodbye.
